<?xml version="1.0" encoding="UTF-8"?>
<!-- Generated by org.testng.reporters.JUnitReportReporter -->
<testsuite skipped="0" hostname="xilp-ind-3211" name="com.amazon.qa.testcases.HomePageTest" tests="2" failures="0" timestamp="02 Jun 2019 07:01:57 GMT" time="36.080" errors="0">
  <testcase name="VerifySelectedOptionSearch" time="21.349" classname="com.amazon.qa.testcases.HomePageTest"/>
  <testcase name="VerifyLogoTest" time="14.731" classname="com.amazon.qa.testcases.HomePageTest"/>
</testsuite> <!-- com.amazon.qa.testcases.HomePageTest -->
