<?xml version="1.0" encoding="UTF-8"?>
<!-- Generated by org.testng.reporters.JUnitReportReporter -->
<testsuite skipped="0" hostname="xilp-ind-3211" name="com.amazon.qa.testcases.HomePageTest" tests="1" failures="0" timestamp="01 Jun 2019 07:44:12 GMT" time="12.996" errors="0">
  <testcase name="VerifyLogoTest" time="12.996" classname="com.amazon.qa.testcases.HomePageTest"/>
</testsuite> <!-- com.amazon.qa.testcases.HomePageTest -->
