<?xml version="1.0" encoding="UTF-8"?>
<!-- Generated by org.testng.reporters.JUnitReportReporter -->
<testsuite skipped="0" hostname="IMPETUS-IL0201" name="com.amazon.qa.testcases.Log4jIntegration" tests="2" failures="0" timestamp="09 Aug 2020 06:29:11 GMT" time="10.566" errors="0">
  <testcase name="freeCrmTitleTest" time="4.802" classname="com.amazon.qa.testcases.Log4jIntegration"/>
  <testcase name="freemCRMLogoTest" time="5.764" classname="com.amazon.qa.testcases.Log4jIntegration"/>
</testsuite> <!-- com.amazon.qa.testcases.Log4jIntegration -->
